<?xml version="1.0" encoding="UTF-8"?>
<testsuite name="test_get_vaccine_date_tests.TestGetVaccineDate-20220523224856" tests="7" file="test_get_vaccine_date_tests.py" time="0.213" timestamp="2022-05-23T22:48:57" failures="0" errors="0" skipped="0">
	<testcase classname="test_get_vaccine_date_tests.TestGetVaccineDate" name="test_get_vaccine_date_no_ok" time="0.007" timestamp="2022-05-23T22:48:56"/>
	<testcase classname="test_get_vaccine_date_tests.TestGetVaccineDate" name="test_get_vaccine_date_no_ok_data_manipulated" time="0.011" timestamp="2022-05-23T22:48:56"/>
	<testcase classname="test_get_vaccine_date_tests.TestGetVaccineDate" name="test_get_vaccine_date_no_ok_no_quotes" time="0.006" timestamp="2022-05-23T22:48:56"/>
	<testcase classname="test_get_vaccine_date_tests.TestGetVaccineDate" name="test_get_vaccine_date_no_ok_parameter" time="0.175" timestamp="2022-05-23T22:48:56"/>
	<testcase classname="test_get_vaccine_date_tests.TestGetVaccineDate" name="test_get_vaccine_date_ok" time="0.008" timestamp="2022-05-23T22:48:56"/>
	<testcase classname="test_get_vaccine_date_tests.TestGetVaccineDate" name="test_wrong_date" time="0.005" timestamp="2022-05-23T22:48:56"/>
	<testcase classname="test_get_vaccine_date_tests.TestGetVaccineDate" name="test_wrong_date_format" time="0.002" timestamp="2022-05-23T22:48:57"/>
</testsuite>
